<?xml version="1.0" encoding="UTF-8"?>
<testsuite xmlns:xsi="http://www.w3.org/2001/XMLSchema-instance" xsi:noNamespaceSchemaLocation="https://maven.apache.org/surefire/maven-surefire-plugin/xsd/surefire-test-report.xsd" version="3.0.2" name="com.gmail.fetcher.FetcherApplicationTests" time="3.146" tests="1" errors="0" skipped="0" failures="0">
  <properties>
[...]
</properties>
  <testcase name="contextLoads" classname="com.gmail.fetcher.FetcherApplicationTests" time="0.517">
    <system-out><![CDATA[12:29:49.700 [main] INFO org.springframework.test.context.support.AnnotationConfigContextLoaderUtils -- Could not detect default configuration classes for test class [com.gmail.fetcher.FetcherApplicationTests]: FetcherApplicationTests does not declare any static, non-private, non-final, nested classes annotated with @Configuration.
12:29:49.789 [main] INFO org.springframework.boot.test.context.SpringBootTestContextBootstrapper -- Found @SpringBootConfiguration com.gmail.fetcher.FetcherApplication for test class com.gmail.fetcher.FetcherApplicationTests
12:29:49.903 [main] INFO org.springframework.boot.devtools.restart.RestartApplicationListener -- Restart disabled due to context in which it is running

  .   ____          _            __ _ _
 /\\ / ___'_ __ _ _(_)_ __  __ _ \ \ \ \
( ( )\___ | '_ | '_| | '_ \/ _` | \ \ \ \
 \\/  ___)| |_)| | | | | || (_| |  ) ) ) )
  '  |____| .__|_| |_|_| |_\__, | / / / /
 =========|_|==============|___/=/_/_/_/

 :: Spring Boot ::                (v4.0.0)

2025-12-29 12:29:50.103 [main] INFO  c.g.fetcher.FetcherApplicationTests - Starting FetcherApplicationTests using Java 25 with PID 23936 (started by sriha in C:\Users\sriha\IdeaProjects\Gmail_data_extraction_backend)
2025-12-29 12:29:50.104 [main] DEBUG c.g.fetcher.FetcherApplicationTests - Running with Spring Boot v4.0.0, Spring v7.0.1
2025-12-29 12:29:50.105 [main] INFO  c.g.fetcher.FetcherApplicationTests - No active profile set, falling back to 1 default profile: "default"
2025-12-29 12:29:50.568 [main] INFO  o.s.d.r.c.RepositoryConfigurationDelegate - Bootstrapping Spring Data MongoDB repositories in DEFAULT mode.
2025-12-29 12:29:50.600 [main] INFO  o.s.d.r.c.RepositoryConfigurationDelegate - Finished Spring Data repository scanning in 27 ms. Found 2 MongoDB repository interfaces.
2025-12-29 12:29:50.970 [main] INFO  c.g.f.config.GmailOAuthProperties - ========================================
2025-12-29 12:29:50.970 [main] INFO  c.g.f.config.GmailOAuthProperties - Gmail OAuth Configuration Loaded:
2025-12-29 12:29:50.970 [main] INFO  c.g.f.config.GmailOAuthProperties -   Client ID: 64307221061-dc2qkcor...
2025-12-29 12:29:50.970 [main] INFO  c.g.f.config.GmailOAuthProperties -   Client Secret: ***SET***
2025-12-29 12:29:50.970 [main] INFO  c.g.f.config.GmailOAuthProperties -   Redirect URI: http://localhost:8080/oauth2callback
2025-12-29 12:29:50.970 [main] INFO  c.g.f.config.GmailOAuthProperties - ========================================
2025-12-29 12:29:50.987 [main] INFO  c.g.fetcher.config.GmailProperties - ========================================
2025-12-29 12:29:50.987 [main] INFO  c.g.fetcher.config.GmailProperties - Gmail Properties Loaded:
2025-12-29 12:29:50.988 [main] INFO  c.g.fetcher.config.GmailProperties -   Application Name: Gmail Fetcher Application
2025-12-29 12:29:50.988 [main] INFO  c.g.fetcher.config.GmailProperties -   Scopes: https://www.googleapis.com/auth/gmail.readonly,https://www.googleapis.com/auth/userinfo.email,https://www.googleapis.com/auth/userinfo.profile
2025-12-29 12:29:50.988 [main] INFO  c.g.fetcher.config.GmailProperties -   Credentials File: credentials.json
2025-12-29 12:29:50.988 [main] INFO  c.g.fetcher.config.GmailProperties -   Tokens Directory: tokens
2025-12-29 12:29:50.988 [main] INFO  c.g.fetcher.config.GmailProperties - ========================================
2025-12-29 12:29:51.188 [main] INFO  org.mongodb.driver.client - MongoClient with metadata {"application": {"name": "GmailData"}, "driver": {"name": "mongo-java-driver|sync", "version": "5.6.1"}, "os": {"type": "Windows", "name": "Windows 11", "architecture": "amd64", "version": "10.0"}, "platform": "Java/Oracle Corporation/25+37-LTS-3491"} created with settings MongoClientSettings{readPreference=primary, writeConcern=WriteConcern{w=majority, wTimeout=null ms, journal=null}, retryWrites=true, retryReads=true, readConcern=ReadConcern{level=null}, credential=MongoCredential{mechanism=null, userName='gmail', source='admin', password=<hidden>, mechanismProperties=<hidden>}, transportSettings=null, commandListeners=[], codecRegistry=ProvidersCodecRegistry{codecProviders=[ValueCodecProvider{}, BsonValueCodecProvider{}, DBRefCodecProvider{}, DBObjectCodecProvider{}, DocumentCodecProvider{}, CollectionCodecProvider{}, IterableCodecProvider{}, MapCodecProvider{}, GeoJsonCodecProvider{}, GridFSFileCodecProvider{}, Jsr310CodecProvider{}, JsonObjectCodecProvider{}, BsonCodecProvider{}, com.mongodb.client.model.mql.ExpressionCodecProvider@27d73d22, com.mongodb.Jep395RecordCodecProvider@7fd751de, com.mongodb.KotlinCodecProvider@e162a35, EnumCodecProvider{}]}, loggerSettings=LoggerSettings{maxDocumentLength=1000}, clusterSettings={hosts=[127.0.0.1:27017], srvHost=gmaildata.y8adkc6.mongodb.net, srvServiceName=mongodb, mode=MULTIPLE, requiredClusterType=REPLICA_SET, requiredReplicaSetName='atlas-418lmx-shard-0', serverSelector='null', clusterListeners='[]', serverSelectionTimeout='30000 ms', localThreshold='15 ms'}, socketSettings=SocketSettings{connectTimeoutMS=10000, readTimeoutMS=10000, receiveBufferSize=0, proxySettings=ProxySettings{host=null, port=null, username=null, password=null}}, heartbeatSocketSettings=SocketSettings{connectTimeoutMS=10000, readTimeoutMS=10000, receiveBufferSize=0, proxySettings=ProxySettings{host=null, port=null, username=null, password=null}}, connectionPoolSettings=ConnectionPoolSettings{maxSize=100, minSize=10, maxWaitTimeMS=120000, maxConnectionLifeTimeMS=0, maxConnectionIdleTimeMS=60000, maintenanceInitialDelayMS=0, maintenanceFrequencyMS=60000, connectionPoolListeners=[], maxConnecting=2}, serverSettings=ServerSettings{heartbeatFrequencyMS=10000, minHeartbeatFrequencyMS=500, serverMonitoringMode=AUTO, serverListeners='[]', serverMonitorListeners='[]'}, sslSettings=SslSettings{enabled=true, invalidHostNameAllowed=false, context=null}, applicationName='GmailData', compressorList=[], uuidRepresentation=UNSPECIFIED, serverApi=null, autoEncryptionSettings=null, dnsClient=null, inetAddressResolver=null, contextProvider=null, timeoutMS=null}
2025-12-29 12:29:51.302 [cluster-ClusterId{value='695226e7932af8019025694d', description='GmailData'}-srv-gmaildata.y8adkc6.mongodb.net] INFO  org.mongodb.driver.cluster - Adding discovered server ac-j4sc3k1-shard-00-00.y8adkc6.mongodb.net:27017 to client view of cluster
2025-12-29 12:29:51.324 [cluster-ClusterId{value='695226e7932af8019025694d', description='GmailData'}-srv-gmaildata.y8adkc6.mongodb.net] INFO  org.mongodb.driver.cluster - Adding discovered server ac-j4sc3k1-shard-00-01.y8adkc6.mongodb.net:27017 to client view of cluster
2025-12-29 12:29:51.324 [cluster-ClusterId{value='695226e7932af8019025694d', description='GmailData'}-srv-gmaildata.y8adkc6.mongodb.net] INFO  org.mongodb.driver.cluster - Adding discovered server ac-j4sc3k1-shard-00-02.y8adkc6.mongodb.net:27017 to client view of cluster
2025-12-29 12:29:51.824 [cluster-ClusterId{value='695226e7932af8019025694d', description='GmailData'}-ac-j4sc3k1-shard-00-02.y8adkc6.mongodb.net:27017] INFO  org.mongodb.driver.cluster - Monitor thread successfully connected to server with description ServerDescription{address=ac-j4sc3k1-shard-00-02.y8adkc6.mongodb.net:27017, type=REPLICA_SET_PRIMARY, cryptd=false, state=CONNECTED, ok=true, minWireVersion=0, maxWireVersion=25, maxDocumentSize=16777216, logicalSessionTimeoutMinutes=30, roundTripTimeNanos=303887000, minRoundTripTimeNanos=0, setName='atlas-418lmx-shard-0', canonicalAddress=ac-j4sc3k1-shard-00-02.y8adkc6.mongodb.net:27017, hosts=[ac-j4sc3k1-shard-00-01.y8adkc6.mongodb.net:27017, ac-j4sc3k1-shard-00-02.y8adkc6.mongodb.net:27017, ac-j4sc3k1-shard-00-00.y8adkc6.mongodb.net:27017], passives=[], arbiters=[], primary='ac-j4sc3k1-shard-00-02.y8adkc6.mongodb.net:27017', tagSet=TagSet{[Tag{name='availabilityZone', value='asia-south1-c'}, Tag{name='diskState', value='READY'}, Tag{name='nodeType', value='ELECTABLE'}, Tag{name='provider', value='GCP'}, Tag{name='region', value='ASIA_SOUTH_1'}, Tag{name='workloadType', value='OPERATIONAL'}]}, electionId=7fffffff00000000000000d8, setVersion=47, topologyVersion=TopologyVersion{processId=6942b9b6e4a2a520aa3e9e5f, counter=6}, lastWriteDate=Mon Dec 29 12:29:53 IST 2025, lastUpdateTimeNanos=1528791661318400}
2025-12-29 12:29:51.824 [cluster-ClusterId{value='695226e7932af8019025694d', description='GmailData'}-ac-j4sc3k1-shard-00-01.y8adkc6.mongodb.net:27017] INFO  org.mongodb.driver.cluster - Monitor thread successfully connected to server with description ServerDescription{address=ac-j4sc3k1-shard-00-01.y8adkc6.mongodb.net:27017, type=REPLICA_SET_SECONDARY, cryptd=false, state=CONNECTED, ok=true, minWireVersion=0, maxWireVersion=25, maxDocumentSize=16777216, logicalSessionTimeoutMinutes=30, roundTripTimeNanos=303733300, minRoundTripTimeNanos=0, setName='atlas-418lmx-shard-0', canonicalAddress=ac-j4sc3k1-shard-00-01.y8adkc6.mongodb.net:27017, hosts=[ac-j4sc3k1-shard-00-01.y8adkc6.mongodb.net:27017, ac-j4sc3k1-shard-00-02.y8adkc6.mongodb.net:27017, ac-j4sc3k1-shard-00-00.y8adkc6.mongodb.net:27017], passives=[], arbiters=[], primary='ac-j4sc3k1-shard-00-02.y8adkc6.mongodb.net:27017', tagSet=TagSet{[Tag{name='availabilityZone', value='asia-south1-b'}, Tag{name='diskState', value='READY'}, Tag{name='nodeType', value='ELECTABLE'}, Tag{name='provider', value='GCP'}, Tag{name='region', value='ASIA_SOUTH_1'}, Tag{name='workloadType', value='OPERATIONAL'}]}, electionId=null, setVersion=47, topologyVersion=TopologyVersion{processId=6942b9e45b3c9dd3bc21e5d8, counter=3}, lastWriteDate=Mon Dec 29 12:29:53 IST 2025, lastUpdateTimeNanos=1528791661318400}
2025-12-29 12:29:51.824 [cluster-ClusterId{value='695226e7932af8019025694d', description='GmailData'}-ac-j4sc3k1-shard-00-00.y8adkc6.mongodb.net:27017] INFO  org.mongodb.driver.cluster - Monitor thread successfully connected to server with description ServerDescription{address=ac-j4sc3k1-shard-00-00.y8adkc6.mongodb.net:27017, type=REPLICA_SET_SECONDARY, cryptd=false, state=CONNECTED, ok=true, minWireVersion=0, maxWireVersion=25, maxDocumentSize=16777216, logicalSessionTimeoutMinutes=30, roundTripTimeNanos=303896800, minRoundTripTimeNanos=0, setName='atlas-418lmx-shard-0', canonicalAddress=ac-j4sc3k1-shard-00-00.y8adkc6.mongodb.net:27017, hosts=[ac-j4sc3k1-shard-00-01.y8adkc6.mongodb.net:27017, ac-j4sc3k1-shard-00-02.y8adkc6.mongodb.net:27017, ac-j4sc3k1-shard-00-00.y8adkc6.mongodb.net:27017], passives=[], arbiters=[], primary='ac-j4sc3k1-shard-00-02.y8adkc6.mongodb.net:27017', tagSet=TagSet{[Tag{name='availabilityZone', value='asia-south1-a'}, Tag{name='diskState', value='READY'}, Tag{name='nodeType', value='ELECTABLE'}, Tag{name='provider', value='GCP'}, Tag{name='region', value='ASIA_SOUTH_1'}, Tag{name='workloadType', value='OPERATIONAL'}]}, electionId=null, setVersion=47, topologyVersion=TopologyVersion{processId=6942b98762050e0a5179df92, counter=4}, lastWriteDate=Mon Dec 29 12:29:53 IST 2025, lastUpdateTimeNanos=1528791661318500}
2025-12-29 12:29:51.827 [cluster-ClusterId{value='695226e7932af8019025694d', description='GmailData'}-ac-j4sc3k1-shard-00-02.y8adkc6.mongodb.net:27017] INFO  org.mongodb.driver.cluster - Discovered replica set primary ac-j4sc3k1-shard-00-02.y8adkc6.mongodb.net:27017 with max election id 7fffffff00000000000000d8 and max set version 47
2025-12-29 12:29:52.189 [main] INFO  c.g.fetcher.FetcherApplicationTests - Started FetcherApplicationTests in 2.295 seconds (process running for 3.193)
]]></system-out>
    <system-err><![CDATA[Mockito is currently self-attaching to enable the inline-mock-maker. This will no longer work in future releases of the JDK. Please add Mockito as an agent to your build as described in Mockito's documentation: https://javadoc.io/doc/org.mockito/mockito-core/latest/org.mockito/org/mockito/Mockito.html#0.3
WARNING: A Java agent has been loaded dynamically (C:\Users\sriha\.m2\repository\net\bytebuddy\byte-buddy-agent\1.17.8\byte-buddy-agent-1.17.8.jar)
WARNING: If a serviceability tool is in use, please run with -XX:+EnableDynamicAgentLoading to hide this warning
WARNING: If a serviceability tool is not in use, please run with -Djdk.instrument.traceUsage for more information
WARNING: Dynamic loading of agents will be disallowed by default in a future release
]]></system-err>
  </testcase>
</testsuite>